<?xml version="1.0" encoding="UTF-8"?>
<Site BuildName="Darwin-clang++"
	BuildStamp="20240422-1042-Experimental"
	Name="Lucas-MacBook-Air.local"
	Generator="ctest-3.27.4"
	CompilerName="/usr/bin/clang++"
	CompilerVersion="15.0.0.15000309"
	OSName="macOS"
	Hostname="Lucas-MacBook-Air.local"
	OSRelease="14.3.1"
	OSVersion="23D60"
	OSPlatform="arm64"
	Is64Bits="1"
	VendorString="IBM"
	VendorID="IBM"
	FamilyID="16777228"
	ModelID="2"
	ProcessorCacheSize="131072"
	NumberOfLogicalCPU="8"
	NumberOfPhysicalCPU="8"
	TotalVirtualMemory="0"
	TotalPhysicalMemory="8192"
	LogicalProcessorsPerPhysical="8"
	ProcessorClockFrequency="0"
	>
	<Testing>
		<StartDateTime>Apr 22 16:19 CEST</StartDateTime>
		<StartTestTime>1713795568</StartTestTime>
		<TestList/>
		<EndDateTime>Apr 22 16:19 CEST</EndDateTime>
		<EndTestTime>1713795568</EndTestTime>
		<ElapsedMinutes>0</ElapsedMinutes>
	</Testing>
</Site>
